  [1m[35m (558.0ms)[0m  [1m[35mCREATE DATABASE "cats_app_development" ENCODING = 'unicode'[0m
  [1m[35m (199.3ms)[0m  [1m[35mCREATE DATABASE "cats_app_test" ENCODING = 'unicode'[0m
  [1m[35m (48.8ms)[0m  [1m[35mCREATE TABLE "schema_migrations" ("version" character varying NOT NULL PRIMARY KEY)[0m
  [1m[35m (43.4ms)[0m  [1m[35mCREATE TABLE "ar_internal_metadata" ("key" character varying NOT NULL PRIMARY KEY, "value" character varying, "created_at" timestamp(6) NOT NULL, "updated_at" timestamp(6) NOT NULL)[0m
  [1m[35m (0.2ms)[0m  [1m[34mSELECT pg_try_advisory_lock(7120033244215336200)[0m
  [1m[36mActiveRecord::SchemaMigration Pluck (0.7ms)[0m  [1m[34mSELECT "schema_migrations"."version" FROM "schema_migrations" ORDER BY "schema_migrations"."version" ASC[0m
Migrating to CreateCats (20230929185025)
  [1m[36mTRANSACTION (0.2ms)[0m  [1m[35mBEGIN[0m
  [1m[35m (60.6ms)[0m  [1m[35mCREATE TABLE "cats" ("id" bigserial primary key, "birth_date" date NOT NULL, "color" character varying NOT NULL, "name" character varying NOT NULL, "sex" character varying(1) NOT NULL, "description" text, "created_at" timestamp(6) NOT NULL, "updated_at" timestamp(6) NOT NULL)[0m
  [1m[36mActiveRecord::SchemaMigration Create (0.8ms)[0m  [1m[32mINSERT INTO "schema_migrations" ("version") VALUES ($1) RETURNING "version"[0m  [["version", "20230929185025"]]
  [1m[36mTRANSACTION (40.6ms)[0m  [1m[35mCOMMIT[0m
  [1m[36mActiveRecord::InternalMetadata Load (0.5ms)[0m  [1m[34mSELECT "ar_internal_metadata".* FROM "ar_internal_metadata" WHERE "ar_internal_metadata"."key" = $1 LIMIT $2[0m  [["key", "environment"], ["LIMIT", 1]]
  [1m[36mTRANSACTION (0.2ms)[0m  [1m[35mBEGIN[0m
  [1m[36mActiveRecord::InternalMetadata Create (0.6ms)[0m  [1m[32mINSERT INTO "ar_internal_metadata" ("key", "value", "created_at", "updated_at") VALUES ($1, $2, $3, $4) RETURNING "key"[0m  [["key", "environment"], ["value", "development"], ["created_at", "2023-09-29 18:53:22.376481"], ["updated_at", "2023-09-29 18:53:22.376481"]]
  [1m[36mTRANSACTION (32.4ms)[0m  [1m[35mCOMMIT[0m
  [1m[35m (0.5ms)[0m  [1m[34mSELECT pg_advisory_unlock(7120033244215336200)[0m
  [1m[36mActiveRecord::SchemaMigration Pluck (1.2ms)[0m  [1m[34mSELECT "schema_migrations"."version" FROM "schema_migrations" ORDER BY "schema_migrations"."version" ASC[0m
  [1m[35m (93.4ms)[0m  [1m[35mCREATE DATABASE "cats_app_development" ENCODING = 'unicode'[0m
  [1m[35m (77.5ms)[0m  [1m[35mCREATE DATABASE "cats_app_test" ENCODING = 'unicode'[0m
  [1m[35m (11.2ms)[0m  [1m[35mCREATE TABLE "schema_migrations" ("version" character varying NOT NULL PRIMARY KEY)[0m
  [1m[35m (3.0ms)[0m  [1m[35mCREATE TABLE "ar_internal_metadata" ("key" character varying NOT NULL PRIMARY KEY, "value" character varying, "created_at" timestamp(6) NOT NULL, "updated_at" timestamp(6) NOT NULL)[0m
  [1m[35m (0.1ms)[0m  [1m[34mSELECT pg_try_advisory_lock(7120033244215336200)[0m
  [1m[36mActiveRecord::SchemaMigration Pluck (0.4ms)[0m  [1m[34mSELECT "schema_migrations"."version" FROM "schema_migrations" ORDER BY "schema_migrations"."version" ASC[0m
Migrating to CreateCats (20230929185025)
  [1m[36mTRANSACTION (0.1ms)[0m  [1m[35mBEGIN[0m
  [1m[35m (4.0ms)[0m  [1m[35mCREATE TABLE "cats" ("id" bigserial primary key, "birth_date" date NOT NULL, "color" character varying NOT NULL, "name" character varying NOT NULL, "sex" character varying(1) NOT NULL, "description" text, "created_at" timestamp(6) NOT NULL, "updated_at" timestamp(6) NOT NULL)[0m
  [1m[36mActiveRecord::SchemaMigration Create (0.4ms)[0m  [1m[32mINSERT INTO "schema_migrations" ("version") VALUES ($1) RETURNING "version"[0m  [["version", "20230929185025"]]
  [1m[36mTRANSACTION (0.3ms)[0m  [1m[35mCOMMIT[0m
  [1m[36mActiveRecord::InternalMetadata Load (0.4ms)[0m  [1m[34mSELECT "ar_internal_metadata".* FROM "ar_internal_metadata" WHERE "ar_internal_metadata"."key" = $1 LIMIT $2[0m  [["key", "environment"], ["LIMIT", 1]]
  [1m[36mTRANSACTION (0.1ms)[0m  [1m[35mBEGIN[0m
  [1m[36mActiveRecord::InternalMetadata Create (0.6ms)[0m  [1m[32mINSERT INTO "ar_internal_metadata" ("key", "value", "created_at", "updated_at") VALUES ($1, $2, $3, $4) RETURNING "key"[0m  [["key", "environment"], ["value", "development"], ["created_at", "2023-09-29 19:22:21.994698"], ["updated_at", "2023-09-29 19:22:21.994698"]]
  [1m[36mTRANSACTION (0.2ms)[0m  [1m[35mCOMMIT[0m
  [1m[35m (0.2ms)[0m  [1m[34mSELECT pg_advisory_unlock(7120033244215336200)[0m
  [1m[36mActiveRecord::SchemaMigration Pluck (0.6ms)[0m  [1m[34mSELECT "schema_migrations"."version" FROM "schema_migrations" ORDER BY "schema_migrations"."version" ASC[0m
  [1m[36mTRANSACTION (0.4ms)[0m  [1m[35mBEGIN[0m
  [1m[36mCat Create (3.3ms)[0m  [1m[32mINSERT INTO "cats" ("birth_date", "color", "name", "sex", "description", "created_at", "updated_at") VALUES ($1, $2, $3, $4, $5, $6, $7) RETURNING "id"[0m  [["birth_date", "2001-02-03"], ["color", "black"], ["name", "Yuri"], ["sex", "F"], ["description", nil], ["created_at", "2023-09-29 19:23:17.234736"], ["updated_at", "2023-09-29 19:23:17.234736"]]
  [1m[36mTRANSACTION (0.4ms)[0m  [1m[35mCOMMIT[0m
  [1m[36mCat Load (0.4ms)[0m  [1m[34mSELECT "cats".* FROM "cats"[0m
  [1m[36mCat Load (0.2ms)[0m  [1m[34mSELECT "cats".* FROM "cats" ORDER BY "cats"."id" ASC LIMIT $1[0m  [["LIMIT", 1]]
Started GET "/" for ::1 at 2023-09-29 16:15:06 -0400
  [1m[36mActiveRecord::SchemaMigration Pluck (1.2ms)[0m  [1m[34mSELECT "schema_migrations"."version" FROM "schema_migrations" ORDER BY "schema_migrations"."version" ASC[0m
Processing by CatsController#index as HTML
  Rendering layout layouts/application.html.erb
  Rendering cats/index.html.erb within layouts/application
  [1m[36mCat Load (4.6ms)[0m  [1m[34mSELECT "cats".* FROM "cats"[0m
  ↳ app/views/cats/index.html.erb:2
  Rendered cats/index.html.erb within layouts/application (Duration: 39.6ms | Allocations: 11883)
  Rendered layout layouts/application.html.erb (Duration: 39.8ms | Allocations: 11993)
Completed 500 Internal Server Error in 50ms (ActiveRecord: 16.3ms | Allocations: 16942)



NoMethodError - undefined method `birth_date' for #<ActiveRecord::Relation [#<Cat id: 1, birth_date: "2001-02-03", color: "black", name: "Yuri", sex: "F", description: nil, created_at: "2023-09-29 19:23:17.234736000 +0000", updated_at: "2023-09-29 19:23:17.234736000 +0000">]>:
  app/views/cats/index.html.erb:4
  app/views/cats/index.html.erb:2
  app/controllers/cats_controller.rb:4:in `index'

Started POST "/__better_errors/f21baf16a18bd31e/variables" for ::1 at 2023-09-29 16:15:06 -0400
Started GET "/" for ::1 at 2023-09-29 16:15:56 -0400
  [1m[36mActiveRecord::SchemaMigration Pluck (0.8ms)[0m  [1m[34mSELECT "schema_migrations"."version" FROM "schema_migrations" ORDER BY "schema_migrations"."version" ASC[0m
Processing by CatsController#index as HTML
  Rendering layout layouts/application.html.erb
  Rendering cats/index.html.erb within layouts/application
  [1m[36mCat Load (0.9ms)[0m  [1m[34mSELECT "cats".* FROM "cats"[0m
  ↳ app/views/cats/index.html.erb:2
  Rendered cats/index.html.erb within layouts/application (Duration: 27.7ms | Allocations: 11877)
  Rendered layout layouts/application.html.erb (Duration: 27.9ms | Allocations: 11987)
Completed 500 Internal Server Error in 37ms (ActiveRecord: 5.5ms | Allocations: 16936)



NoMethodError - undefined method `birth_date' for #<ActiveRecord::Relation [#<Cat id: 1, birth_date: "2001-02-03", color: "black", name: "Yuri", sex: "F", description: nil, created_at: "2023-09-29 19:23:17.234736000 +0000", updated_at: "2023-09-29 19:23:17.234736000 +0000">]>:
  app/views/cats/index.html.erb:4
  app/views/cats/index.html.erb:2
  app/controllers/cats_controller.rb:4:in `index'

Started POST "/__better_errors/3d6572b0a7c1bf8b/variables" for ::1 at 2023-09-29 16:15:57 -0400
Started GET "/" for ::1 at 2023-09-29 16:15:58 -0400
Processing by CatsController#index as HTML
  Rendering layout layouts/application.html.erb
  Rendering cats/index.html.erb within layouts/application
  [1m[36mCat Load (0.3ms)[0m  [1m[34mSELECT "cats".* FROM "cats"[0m
  ↳ app/views/cats/index.html.erb:2
  Rendered cats/index.html.erb within layouts/application (Duration: 12.8ms | Allocations: 4753)
  Rendered layout layouts/application.html.erb (Duration: 13.1ms | Allocations: 4834)
Completed 500 Internal Server Error in 14ms (ActiveRecord: 0.3ms | Allocations: 5077)



NoMethodError - undefined method `birth_date' for #<ActiveRecord::Relation [#<Cat id: 1, birth_date: "2001-02-03", color: "black", name: "Yuri", sex: "F", description: nil, created_at: "2023-09-29 19:23:17.234736000 +0000", updated_at: "2023-09-29 19:23:17.234736000 +0000">]>:
  app/views/cats/index.html.erb:4
  app/views/cats/index.html.erb:2
  app/controllers/cats_controller.rb:4:in `index'

Started POST "/__better_errors/d5bac80caec54f88/variables" for ::1 at 2023-09-29 16:15:58 -0400
Started GET "/" for ::1 at 2023-09-29 16:16:05 -0400
Processing by CatsController#index as HTML
  Rendering layout layouts/application.html.erb
  Rendering cats/index.html.erb within layouts/application
  [1m[36mCat Load (0.4ms)[0m  [1m[34mSELECT "cats".* FROM "cats"[0m
  ↳ app/views/cats/index.html.erb:2
  Rendered cats/index.html.erb within layouts/application (Duration: 11.5ms | Allocations: 4629)
  Rendered layout layouts/application.html.erb (Duration: 11.8ms | Allocations: 4709)
Completed 500 Internal Server Error in 13ms (ActiveRecord: 0.4ms | Allocations: 4900)



NoMethodError - undefined method `birth_date' for #<ActiveRecord::Relation [#<Cat id: 1, birth_date: "2001-02-03", color: "black", name: "Yuri", sex: "F", description: nil, created_at: "2023-09-29 19:23:17.234736000 +0000", updated_at: "2023-09-29 19:23:17.234736000 +0000">]>:
  app/views/cats/index.html.erb:4
  app/views/cats/index.html.erb:2
  app/controllers/cats_controller.rb:4:in `index'

Started POST "/__better_errors/a591b18a2451e341/variables" for ::1 at 2023-09-29 16:16:05 -0400
Started GET "/" for ::1 at 2023-09-29 16:17:05 -0400
Processing by CatsController#index as HTML
  Rendering layout layouts/application.html.erb
  Rendering cats/index.html.erb within layouts/application
  [1m[36mCat Load (0.4ms)[0m  [1m[34mSELECT "cats".* FROM "cats"[0m
  ↳ app/views/cats/index.html.erb:2
  Rendered cats/index.html.erb within layouts/application (Duration: 3.5ms | Allocations: 955)
  Rendered layout layouts/application.html.erb (Duration: 34.2ms | Allocations: 7652)
Completed 200 OK in 37ms (Views: 36.5ms | ActiveRecord: 0.4ms | Allocations: 8450)


Started GET "/users" for ::1 at 2023-09-29 16:17:13 -0400
  
ActionController::RoutingError (No route matches [GET] "/users"):
  
Started GET "/cats" for ::1 at 2023-09-29 16:17:20 -0400
Processing by CatsController#index as HTML
  Rendering layout layouts/application.html.erb
  Rendering cats/index.html.erb within layouts/application
  [1m[36mCat Load (0.5ms)[0m  [1m[34mSELECT "cats".* FROM "cats"[0m
  ↳ app/views/cats/index.html.erb:2
  Rendered cats/index.html.erb within layouts/application (Duration: 3.5ms | Allocations: 664)
  Rendered layout layouts/application.html.erb (Duration: 7.4ms | Allocations: 1982)
Completed 200 OK in 8ms (Views: 7.7ms | ActiveRecord: 0.5ms | Allocations: 2229)


Started GET "/cats/1" for ::1 at 2023-09-29 16:17:28 -0400
Processing by CatsController#show as HTML
  Parameters: {"id"=>"1"}
  [1m[36mCat Load (0.6ms)[0m  [1m[34mSELECT "cats".* FROM "cats" WHERE "cats"."id" = $1 LIMIT $2[0m  [["id", 1], ["LIMIT", 1]]
  ↳ app/controllers/cats_controller.rb:17:in `show'
  Rendering layout layouts/application.html.erb
  Rendering cats/show.html.erb within layouts/application
  Rendered cats/show.html.erb within layouts/application (Duration: 1.0ms | Allocations: 236)
  Rendered layout layouts/application.html.erb (Duration: 4.5ms | Allocations: 1613)
Completed 200 OK in 17ms (Views: 6.0ms | ActiveRecord: 0.9ms | Allocations: 5362)


Started GET "/cats/2" for ::1 at 2023-09-29 16:17:31 -0400
Processing by CatsController#show as HTML
  Parameters: {"id"=>"2"}
  [1m[36mCat Load (0.4ms)[0m  [1m[34mSELECT "cats".* FROM "cats" WHERE "cats"."id" = $1 LIMIT $2[0m  [["id", 2], ["LIMIT", 1]]
  ↳ app/controllers/cats_controller.rb:17:in `show'
Completed 404 Not Found in 4ms (ActiveRecord: 0.4ms | Allocations: 1079)



ActiveRecord::RecordNotFound - Couldn't find Cat with 'id'=2:
  app/controllers/cats_controller.rb:17:in `show'

Started POST "/__better_errors/e57dca3630c98e2a/variables" for ::1 at 2023-09-29 16:17:31 -0400
Started GET "/cats/1" for ::1 at 2023-09-29 16:17:38 -0400
Processing by CatsController#show as HTML
  Parameters: {"id"=>"1"}
  [1m[36mCat Load (0.4ms)[0m  [1m[34mSELECT "cats".* FROM "cats" WHERE "cats"."id" = $1 LIMIT $2[0m  [["id", 1], ["LIMIT", 1]]
  ↳ app/controllers/cats_controller.rb:17:in `show'
  Rendering layout layouts/application.html.erb
  Rendering cats/show.html.erb within layouts/application
  Rendered cats/show.html.erb within layouts/application (Duration: 0.2ms | Allocations: 23)
  Rendered layout layouts/application.html.erb (Duration: 3.9ms | Allocations: 1237)
Completed 200 OK in 8ms (Views: 5.0ms | ActiveRecord: 0.4ms | Allocations: 1924)


  [1m[36mTRANSACTION (0.8ms)[0m  [1m[35mBEGIN[0m
  [1m[36mCat Create (2.1ms)[0m  [1m[32mINSERT INTO "cats" ("birth_date", "color", "name", "sex", "description", "created_at", "updated_at") VALUES ($1, $2, $3, $4, $5, $6, $7) RETURNING "id"[0m  [["birth_date", "1993-02-04"], ["color", "Magenta"], ["name", "Jacob"], ["sex", "M"], ["description", "sick"], ["created_at", "2023-09-29 20:20:05.498238"], ["updated_at", "2023-09-29 20:20:05.498238"]]
  [1m[36mTRANSACTION (0.8ms)[0m  [1m[35mCOMMIT[0m
  [1m[36mTRANSACTION (0.3ms)[0m  [1m[35mBEGIN[0m
  [1m[36mCat Create (0.5ms)[0m  [1m[32mINSERT INTO "cats" ("birth_date", "color", "name", "sex", "description", "created_at", "updated_at") VALUES ($1, $2, $3, $4, $5, $6, $7) RETURNING "id"[0m  [["birth_date", "1945-04-05"], ["color", "Purple"], ["name", "Eltion"], ["sex", "M"], ["description", nil], ["created_at", "2023-09-29 20:20:43.596970"], ["updated_at", "2023-09-29 20:20:43.596970"]]
  [1m[36mTRANSACTION (0.4ms)[0m  [1m[35mCOMMIT[0m
Started GET "/cats" for ::1 at 2023-09-29 16:20:57 -0400
  [1m[36mActiveRecord::SchemaMigration Pluck (1.2ms)[0m  [1m[34mSELECT "schema_migrations"."version" FROM "schema_migrations" ORDER BY "schema_migrations"."version" ASC[0m
Processing by CatsController#index as HTML
  Rendering layout layouts/application.html.erb
  Rendering cats/index.html.erb within layouts/application
  [1m[36mCat Load (0.6ms)[0m  [1m[34mSELECT "cats".* FROM "cats"[0m
  ↳ app/views/cats/index.html.erb:2
  Rendered cats/index.html.erb within layouts/application (Duration: 12.4ms | Allocations: 6942)
  Rendered layout layouts/application.html.erb (Duration: 18.6ms | Allocations: 10639)
Completed 200 OK in 29ms (Views: 22.0ms | ActiveRecord: 4.8ms | Allocations: 15632)


Started GET "/cats/3" for ::1 at 2023-09-29 16:21:04 -0400
Processing by CatsController#show as HTML
  Parameters: {"id"=>"3"}
  [1m[36mCat Load (0.2ms)[0m  [1m[34mSELECT "cats".* FROM "cats" WHERE "cats"."id" = $1 LIMIT $2[0m  [["id", 3], ["LIMIT", 1]]
  ↳ app/controllers/cats_controller.rb:17:in `show'
  Rendering layout layouts/application.html.erb
  Rendering cats/show.html.erb within layouts/application
  Rendered cats/show.html.erb within layouts/application (Duration: 1.0ms | Allocations: 239)
  Rendered layout layouts/application.html.erb (Duration: 6.1ms | Allocations: 1630)
Completed 200 OK in 15ms (Views: 7.4ms | ActiveRecord: 0.5ms | Allocations: 5472)


Started GET "/cats/2" for ::1 at 2023-09-29 16:21:06 -0400
Processing by CatsController#show as HTML
  Parameters: {"id"=>"2"}
  [1m[36mCat Load (0.3ms)[0m  [1m[34mSELECT "cats".* FROM "cats" WHERE "cats"."id" = $1 LIMIT $2[0m  [["id", 2], ["LIMIT", 1]]
  ↳ app/controllers/cats_controller.rb:17:in `show'
  Rendering layout layouts/application.html.erb
  Rendering cats/show.html.erb within layouts/application
  Rendered cats/show.html.erb within layouts/application (Duration: 0.1ms | Allocations: 25)
  Rendered layout layouts/application.html.erb (Duration: 2.7ms | Allocations: 1229)
Completed 200 OK in 5ms (Views: 3.2ms | ActiveRecord: 0.3ms | Allocations: 1937)


Started GET "/cats/new" for ::1 at 2023-09-29 16:25:29 -0400
  [1m[36mActiveRecord::SchemaMigration Pluck (1.2ms)[0m  [1m[34mSELECT "schema_migrations"."version" FROM "schema_migrations" ORDER BY "schema_migrations"."version" ASC[0m
Processing by CatsController#new as HTML
  Rendering layout layouts/application.html.erb
  Rendering cats/new.html.erb within layouts/application
  Rendered cats/new.html.erb within layouts/application (Duration: 0.8ms | Allocations: 487)
  Rendered layout layouts/application.html.erb (Duration: 7.7ms | Allocations: 4181)
Completed 200 OK in 15ms (Views: 15.0ms | ActiveRecord: 0.0ms | Allocations: 8192)


Started POST "/cats" for ::1 at 2023-09-29 16:25:37 -0400
Processing by CatsController#create as HTML
  Parameters: {"cat"=>{"name"=>"Yori", "birth_date"=>"2023-08-29"}}
Completed 500 Internal Server Error in 37ms (ActiveRecord: 5.3ms | Allocations: 10084)



NameError - undefined local variable or method `cat' for #<CatsController:0x00000000004e20>
        if cat.save
           ^^^
Did you mean?  @cat:
  app/controllers/cats_controller.rb:9:in `create'

Started POST "/__better_errors/61dd50cc577d7a78/variables" for ::1 at 2023-09-29 16:25:37 -0400
Started GET "/cats/new" for ::1 at 2023-09-29 16:29:02 -0400
Processing by CatsController#new as HTML
  Rendering layout layouts/application.html.erb
  Rendering cats/new.html.erb within layouts/application
  Rendered cats/new.html.erb within layouts/application (Duration: 2.6ms | Allocations: 196)
  Rendered layout layouts/application.html.erb (Duration: 9.7ms | Allocations: 1812)
Completed 200 OK in 15ms (Views: 14.3ms | ActiveRecord: 0.0ms | Allocations: 2578)


Started GET "/cats/new" for ::1 at 2023-09-29 16:32:31 -0400
Processing by CatsController#new as HTML
  Rendering layout layouts/application.html.erb
  Rendering cats/new.html.erb within layouts/application
  Rendered cats/new.html.erb within layouts/application (Duration: 1.6ms | Allocations: 201)
  Rendered layout layouts/application.html.erb (Duration: 8.1ms | Allocations: 1796)
Completed 200 OK in 15ms (Views: 15.0ms | ActiveRecord: 0.0ms | Allocations: 2552)


Started GET "/cats/new" for ::1 at 2023-09-29 16:33:20 -0400
Processing by CatsController#new as HTML
  Rendering layout layouts/application.html.erb
  Rendering cats/new.html.erb within layouts/application
  Rendered cats/new.html.erb within layouts/application (Duration: 0.6ms | Allocations: 204)
  Rendered layout layouts/application.html.erb (Duration: 6.0ms | Allocations: 1829)
Completed 200 OK in 10ms (Views: 9.4ms | ActiveRecord: 0.0ms | Allocations: 2585)


Started GET "/cats/new" for ::1 at 2023-09-29 16:33:34 -0400
Processing by CatsController#new as HTML
  Rendering layout layouts/application.html.erb
  Rendering cats/new.html.erb within layouts/application
  Rendered cats/new.html.erb within layouts/application (Duration: 0.2ms | Allocations: 39)
  Rendered layout layouts/application.html.erb (Duration: 3.0ms | Allocations: 1245)
Completed 200 OK in 4ms (Views: 3.6ms | ActiveRecord: 0.0ms | Allocations: 1453)


Started GET "/cats/new" for ::1 at 2023-09-29 16:33:56 -0400
Processing by CatsController#new as HTML
  Rendering layout layouts/application.html.erb
  Rendering cats/new.html.erb within layouts/application
  Rendered cats/new.html.erb within layouts/application (Duration: 1.5ms | Allocations: 209)
  Rendered layout layouts/application.html.erb (Duration: 8.3ms | Allocations: 1829)
Completed 200 OK in 12ms (Views: 12.0ms | ActiveRecord: 0.0ms | Allocations: 2572)


Started GET "/cats/new" for ::1 at 2023-09-29 16:35:24 -0400
Processing by CatsController#new as HTML
  Rendering layout layouts/application.html.erb
  Rendering cats/new.html.erb within layouts/application
  Rendered cats/new.html.erb within layouts/application (Duration: 3.2ms | Allocations: 213)
  Rendered layout layouts/application.html.erb (Duration: 9.2ms | Allocations: 1835)
Completed 200 OK in 15ms (Views: 15.1ms | ActiveRecord: 0.0ms | Allocations: 2591)


Started GET "/cats/new" for ::1 at 2023-09-29 16:36:19 -0400
Processing by CatsController#new as HTML
  Rendering layout layouts/application.html.erb
  Rendering cats/new.html.erb within layouts/application
  Rendered cats/new.html.erb within layouts/application (Duration: 1.8ms | Allocations: 213)
  Rendered layout layouts/application.html.erb (Duration: 8.4ms | Allocations: 1835)
Completed 200 OK in 15ms (Views: 14.7ms | ActiveRecord: 0.0ms | Allocations: 2591)


Started POST "/cats" for ::1 at 2023-09-29 16:37:00 -0400
Processing by CatsController#create as HTML
  Parameters: {"cat"=>{"name"=>"Claudia", "sex"=>"F", "color"=>"Red", "birth_date"=>"2023-09-06", "description"=>"baby cat"}}
Completed 500 Internal Server Error in 10ms (ActiveRecord: 0.0ms | Allocations: 3394)



NameError - undefined local variable or method `cat' for #<CatsController:0x000000000076e8>
        if cat.save
           ^^^
Did you mean?  @cat:
  app/controllers/cats_controller.rb:9:in `create'

Started POST "/__better_errors/f431096a025d904e/variables" for ::1 at 2023-09-29 16:37:00 -0400
Started POST "/cats" for ::1 at 2023-09-29 16:37:19 -0400
Processing by CatsController#create as HTML
  Parameters: {"cat"=>{"name"=>"Claudia", "sex"=>"F", "color"=>"Red", "birth_date"=>"2023-09-06", "description"=>"baby cat"}}
  [1m[36mTRANSACTION (0.2ms)[0m  [1m[35mBEGIN[0m
  ↳ app/controllers/cats_controller.rb:9:in `create'
  [1m[36mCat Create (1.5ms)[0m  [1m[32mINSERT INTO "cats" ("birth_date", "color", "name", "sex", "description", "created_at", "updated_at") VALUES ($1, $2, $3, $4, $5, $6, $7) RETURNING "id"[0m  [["birth_date", "2023-09-06"], ["color", "Red"], ["name", "Claudia"], ["sex", "F"], ["description", "baby cat"], ["created_at", "2023-09-29 20:37:20.082600"], ["updated_at", "2023-09-29 20:37:20.082600"]]
  ↳ app/controllers/cats_controller.rb:9:in `create'
  [1m[36mTRANSACTION (1.1ms)[0m  [1m[35mCOMMIT[0m
  ↳ app/controllers/cats_controller.rb:9:in `create'
Redirected to http://localhost:3000/cats/4
Completed 302 Found in 26ms (ActiveRecord: 10.5ms | Allocations: 9527)


Started GET "/cats/4" for ::1 at 2023-09-29 16:37:20 -0400
Processing by CatsController#show as HTML
  Parameters: {"id"=>"4"}
  [1m[36mCat Load (0.4ms)[0m  [1m[34mSELECT "cats".* FROM "cats" WHERE "cats"."id" = $1 LIMIT $2[0m  [["id", 4], ["LIMIT", 1]]
  ↳ app/controllers/cats_controller.rb:17:in `show'
  Rendering layout layouts/application.html.erb
  Rendering cats/show.html.erb within layouts/application
  Rendered cats/show.html.erb within layouts/application (Duration: 0.5ms | Allocations: 261)
  Rendered layout layouts/application.html.erb (Duration: 2.2ms | Allocations: 1733)
Completed 200 OK in 8ms (Views: 3.1ms | ActiveRecord: 0.5ms | Allocations: 5872)


Started GET "/cats" for ::1 at 2023-09-29 16:37:27 -0400
Processing by CatsController#index as HTML
  Rendering layout layouts/application.html.erb
  Rendering cats/index.html.erb within layouts/application
  [1m[36mCat Load (0.4ms)[0m  [1m[34mSELECT "cats".* FROM "cats"[0m
  ↳ app/views/cats/index.html.erb:2
  Rendered cats/index.html.erb within layouts/application (Duration: 4.2ms | Allocations: 982)
  Rendered layout layouts/application.html.erb (Duration: 6.6ms | Allocations: 2209)
Completed 200 OK in 8ms (Views: 7.1ms | ActiveRecord: 0.4ms | Allocations: 2484)


Started GET "/cats/1/edit" for ::1 at 2023-09-29 16:43:50 -0400
  [1m[36mActiveRecord::SchemaMigration Pluck (41.3ms)[0m  [1m[34mSELECT "schema_migrations"."version" FROM "schema_migrations" ORDER BY "schema_migrations"."version" ASC[0m
Processing by CatsController#edit as HTML
  Parameters: {"id"=>"1"}
  [1m[36mCat Load (43.9ms)[0m  [1m[34mSELECT "cats".* FROM "cats" WHERE "cats"."id" = $1 LIMIT $2[0m  [["id", 1], ["LIMIT", 1]]
  ↳ app/controllers/cats_controller.rb:35:in `edit'
Completed 404 Not Found in 65ms (ActiveRecord: 51.4ms | Allocations: 5993)



ActiveRecord::RecordNotFound - Couldn't find Cat with 'id'=1:
  app/controllers/cats_controller.rb:35:in `edit'

Started POST "/__better_errors/dffa4a791a40f031/variables" for ::1 at 2023-09-29 16:43:50 -0400
  [1m[36mActiveRecord::SchemaMigration Pluck (1.4ms)[0m  [1m[34mSELECT "schema_migrations"."version" FROM "schema_migrations" ORDER BY "schema_migrations"."version" ASC[0m
  [1m[36mTRANSACTION (0.1ms)[0m  [1m[35mBEGIN[0m
  [1m[36mCat Load (0.9ms)[0m  [1m[34mSELECT "cats".* FROM "cats"[0m
  [1m[36mCat Destroy (1.3ms)[0m  [1m[31mDELETE FROM "cats" WHERE "cats"."id" = $1[0m  [["id", 1]]
  [1m[36mCat Destroy (0.1ms)[0m  [1m[31mDELETE FROM "cats" WHERE "cats"."id" = $1[0m  [["id", 2]]
  [1m[36mCat Destroy (0.1ms)[0m  [1m[31mDELETE FROM "cats" WHERE "cats"."id" = $1[0m  [["id", 3]]
  [1m[36mCat Destroy (0.1ms)[0m  [1m[31mDELETE FROM "cats" WHERE "cats"."id" = $1[0m  [["id", 4]]
  [1m[36mCat Create (0.7ms)[0m  [1m[32mINSERT INTO "cats" ("birth_date", "color", "name", "sex", "description", "created_at", "updated_at") VALUES ($1, $2, $3, $4, $5, $6, $7) RETURNING "id"[0m  [["birth_date", "2001-02-01"], ["color", "Red"], ["name", "Yuri"], ["sex", "F"], ["description", nil], ["created_at", "2023-09-29 20:46:47.676510"], ["updated_at", "2023-09-29 20:46:47.676510"]]
  [1m[36mTRANSACTION (0.1ms)[0m  [1m[31mROLLBACK[0m
  [1m[36mActiveRecord::SchemaMigration Pluck (1.0ms)[0m  [1m[34mSELECT "schema_migrations"."version" FROM "schema_migrations" ORDER BY "schema_migrations"."version" ASC[0m
  [1m[36mTRANSACTION (0.1ms)[0m  [1m[35mBEGIN[0m
  [1m[36mCat Load (1.0ms)[0m  [1m[34mSELECT "cats".* FROM "cats"[0m
  [1m[36mCat Destroy (0.5ms)[0m  [1m[31mDELETE FROM "cats" WHERE "cats"."id" = $1[0m  [["id", 1]]
  [1m[36mCat Destroy (0.2ms)[0m  [1m[31mDELETE FROM "cats" WHERE "cats"."id" = $1[0m  [["id", 2]]
  [1m[36mCat Destroy (0.2ms)[0m  [1m[31mDELETE FROM "cats" WHERE "cats"."id" = $1[0m  [["id", 3]]
  [1m[36mCat Destroy (0.2ms)[0m  [1m[31mDELETE FROM "cats" WHERE "cats"."id" = $1[0m  [["id", 4]]
  [1m[36mCat Create (0.4ms)[0m  [1m[32mINSERT INTO "cats" ("birth_date", "color", "name", "sex", "description", "created_at", "updated_at") VALUES ($1, $2, $3, $4, $5, $6, $7) RETURNING "id"[0m  [["birth_date", "2001-02-01"], ["color", "Red"], ["name", "Yuri"], ["sex", "F"], ["description", nil], ["created_at", "2023-09-29 20:47:30.488593"], ["updated_at", "2023-09-29 20:47:30.488593"]]
  [1m[36mTRANSACTION (0.1ms)[0m  [1m[31mROLLBACK[0m
  [1m[36mActiveRecord::SchemaMigration Pluck (1.1ms)[0m  [1m[34mSELECT "schema_migrations"."version" FROM "schema_migrations" ORDER BY "schema_migrations"."version" ASC[0m
  [1m[36mTRANSACTION (0.1ms)[0m  [1m[35mBEGIN[0m
  [1m[36mCat Load (0.6ms)[0m  [1m[34mSELECT "cats".* FROM "cats"[0m
  [1m[36mCat Destroy (0.6ms)[0m  [1m[31mDELETE FROM "cats" WHERE "cats"."id" = $1[0m  [["id", 1]]
  [1m[36mCat Destroy (0.2ms)[0m  [1m[31mDELETE FROM "cats" WHERE "cats"."id" = $1[0m  [["id", 2]]
  [1m[36mCat Destroy (0.2ms)[0m  [1m[31mDELETE FROM "cats" WHERE "cats"."id" = $1[0m  [["id", 3]]
  [1m[36mCat Destroy (0.1ms)[0m  [1m[31mDELETE FROM "cats" WHERE "cats"."id" = $1[0m  [["id", 4]]
  [1m[36mCat Create (0.3ms)[0m  [1m[32mINSERT INTO "cats" ("birth_date", "color", "name", "sex", "description", "created_at", "updated_at") VALUES ($1, $2, $3, $4, $5, $6, $7) RETURNING "id"[0m  [["birth_date", "2001-02-01"], ["color", "Red"], ["name", "Yuri"], ["sex", "F"], ["description", nil], ["created_at", "2023-09-29 20:47:55.521015"], ["updated_at", "2023-09-29 20:47:55.521015"]]
  [1m[36mCat Create (0.2ms)[0m  [1m[32mINSERT INTO "cats" ("birth_date", "color", "name", "sex", "description", "created_at", "updated_at") VALUES ($1, $2, $3, $4, $5, $6, $7) RETURNING "id"[0m  [["birth_date", "2000-03-01"], ["color", "Blue"], ["name", "Jacob"], ["sex", "M"], ["description", "Sick"], ["created_at", "2023-09-29 20:47:55.523128"], ["updated_at", "2023-09-29 20:47:55.523128"]]
  [1m[36mTRANSACTION (0.6ms)[0m  [1m[35mCOMMIT[0m
  [1m[36mActiveRecord::SchemaMigration Pluck (1.0ms)[0m  [1m[34mSELECT "schema_migrations"."version" FROM "schema_migrations" ORDER BY "schema_migrations"."version" ASC[0m
  [1m[36mTRANSACTION (0.3ms)[0m  [1m[35mBEGIN[0m
  [1m[36mCat Load (0.6ms)[0m  [1m[34mSELECT "cats".* FROM "cats"[0m
  [1m[36mCat Destroy (0.5ms)[0m  [1m[31mDELETE FROM "cats" WHERE "cats"."id" = $1[0m  [["id", 1]]
  [1m[36mCat Destroy (0.2ms)[0m  [1m[31mDELETE FROM "cats" WHERE "cats"."id" = $1[0m  [["id", 2]]
  [1m[36mCat Create (0.4ms)[0m  [1m[32mINSERT INTO "cats" ("birth_date", "color", "name", "sex", "description", "created_at", "updated_at") VALUES ($1, $2, $3, $4, $5, $6, $7) RETURNING "id"[0m  [["birth_date", "2001-02-01"], ["color", "Red"], ["name", "Yuri"], ["sex", "F"], ["description", nil], ["created_at", "2023-09-29 20:48:05.027388"], ["updated_at", "2023-09-29 20:48:05.027388"]]
  [1m[36mCat Create (0.1ms)[0m  [1m[32mINSERT INTO "cats" ("birth_date", "color", "name", "sex", "description", "created_at", "updated_at") VALUES ($1, $2, $3, $4, $5, $6, $7) RETURNING "id"[0m  [["birth_date", "2000-03-01"], ["color", "Blue"], ["name", "Jacob"], ["sex", "M"], ["description", "Sick"], ["created_at", "2023-09-29 20:48:05.029185"], ["updated_at", "2023-09-29 20:48:05.029185"]]
  [1m[36mTRANSACTION (0.5ms)[0m  [1m[35mCOMMIT[0m
  [1m[36mCat Load (0.9ms)[0m  [1m[34mSELECT "cats".* FROM "cats"[0m
